<?xml version="1.0" encoding="UTF-8"?>
<testsuite xmlns:xsi="http://www.w3.org/2001/XMLSchema-instance" xsi:schemaLocation="https://maven.apache.org/surefire/maven-surefire-plugin/xsd/surefire-test-report.xsd" name="org.ucll.demo.service.AddPatientTest" time="0.459" tests="131" errors="10" skipped="81" failures="0">
  <properties>
    <property name="java.runtime.name" value="Java(TM) SE Runtime Environment"/>
    <property name="sun.boot.library.path" value="C:\Program Files\Java\jdk1.8.0_144\jre\bin"/>
    <property name="java.vm.version" value="25.144-b01"/>
    <property name="java.vm.vendor" value="Oracle Corporation"/>
    <property name="maven.multiModuleProjectDirectory" value="C:\Users\Joren\Documents\Toegepaste informatica\testing_workspace\bmi-app"/>
    <property name="java.vendor.url" value="http://java.oracle.com/"/>
    <property name="path.separator" value=";"/>
    <property name="guice.disable.misplaced.annotation.check" value="true"/>
    <property name="java.vm.name" value="Java HotSpot(TM) 64-Bit Server VM"/>
    <property name="file.encoding.pkg" value="sun.io"/>
    <property name="user.script" value=""/>
    <property name="user.country" value="BE"/>
    <property name="sun.java.launcher" value="SUN_STANDARD"/>
    <property name="sun.os.patch.level" value=""/>
    <property name="java.vm.specification.name" value="Java Virtual Machine Specification"/>
    <property name="user.dir" value="C:\Users\Joren\Documents\Toegepaste informatica\testing_workspace\bmi-app"/>
    <property name="java.runtime.version" value="1.8.0_144-b01"/>
    <property name="java.awt.graphicsenv" value="sun.awt.Win32GraphicsEnvironment"/>
    <property name="java.endorsed.dirs" value="C:\Program Files\Java\jdk1.8.0_144\jre\lib\endorsed"/>
    <property name="os.arch" value="amd64"/>
    <property name="java.io.tmpdir" value="C:\Users\Joren\AppData\Local\Temp\"/>
    <property name="line.separator" value="&#10;"/>
    <property name="java.vm.specification.vendor" value="Oracle Corporation"/>
    <property name="user.variant" value=""/>
    <property name="os.name" value="Windows 10"/>
    <property name="classworlds.conf" value="C:\Users\Joren\Documents\Toegepaste informatica\testing_workspace\.metadata\.plugins\org.eclipse.m2e.launching\launches\m2conf1074388498794844322.tmp"/>
    <property name="sun.jnu.encoding" value="Cp1252"/>
    <property name="java.library.path" value="C:\Program Files\Java\jdk1.8.0_144\bin;C:\windows\Sun\Java\bin;C:\windows\system32;C:\windows;C:/Program Files/Java/jre1.8.0_144/bin/server;C:/Program Files/Java/jre1.8.0_144/bin;C:/Program Files/Java/jre1.8.0_144/lib/amd64;C:\ProgramData\Oracle\Java\javapath;C:\Program Files (x86)\Razer Chroma SDK\bin;C:\Program Files\Razer Chroma SDK\bin;C:\Windows\system32;C:\Windows;C:\Windows\System32\Wbem;C:\Windows\System32\WindowsPowerShell\v1.0\;C:\Program Files (x86)\NVIDIA Corporation\PhysX\Common;C:\Users\Administrator\AppData\Local\Microsoft\WindowsApps;C:\Program Files (x86)\Brackets\command;C:\Users\Joren\AppData\Local\Microsoft\WindowsApps;C:\adb;C:\Android;C:\Users\Joren\AppData\Local\Microsoft\WindowsApps;;C:\Program Files\eclipse;;."/>
    <property name="java.specification.name" value="Java Platform API Specification"/>
    <property name="java.class.version" value="52.0"/>
    <property name="sun.management.compiler" value="HotSpot 64-Bit Tiered Compilers"/>
    <property name="os.version" value="10.0"/>
    <property name="user.home" value="C:\Users\Joren"/>
    <property name="user.timezone" value="Europe/Paris"/>
    <property name="java.awt.printerjob" value="sun.awt.windows.WPrinterJob"/>
    <property name="java.specification.version" value="1.8"/>
    <property name="file.encoding" value="Cp1252"/>
    <property name="user.name" value="Joren"/>
    <property name="java.class.path" value="/C:/Program Files/eclipse/plugins/org.eclipse.m2e.maven.runtime_1.8.1.20170728-1531/jars/plexus-classworlds-2.5.2.jar"/>
    <property name="java.vm.specification.version" value="1.8"/>
    <property name="sun.arch.data.model" value="64"/>
    <property name="java.home" value="C:\Program Files\Java\jdk1.8.0_144\jre"/>
    <property name="sun.java.command" value="org.codehaus.plexus.classworlds.launcher.Launcher -B install"/>
    <property name="java.specification.vendor" value="Oracle Corporation"/>
    <property name="user.language" value="nl"/>
    <property name="awt.toolkit" value="sun.awt.windows.WToolkit"/>
    <property name="java.vm.info" value="mixed mode"/>
    <property name="java.version" value="1.8.0_144"/>
    <property name="java.ext.dirs" value="C:\Program Files\Java\jdk1.8.0_144\jre\lib\ext;C:\windows\Sun\Java\lib\ext"/>
    <property name="sun.boot.class.path" value="C:\Program Files\Java\jdk1.8.0_144\jre\lib\resources.jar;C:\Program Files\Java\jdk1.8.0_144\jre\lib\rt.jar;C:\Program Files\Java\jdk1.8.0_144\jre\lib\sunrsasign.jar;C:\Program Files\Java\jdk1.8.0_144\jre\lib\jsse.jar;C:\Program Files\Java\jdk1.8.0_144\jre\lib\jce.jar;C:\Program Files\Java\jdk1.8.0_144\jre\lib\charsets.jar;C:\Program Files\Java\jdk1.8.0_144\jre\lib\jfr.jar;C:\Program Files\Java\jdk1.8.0_144\jre\classes"/>
    <property name="java.vendor" value="Oracle Corporation"/>
    <property name="maven.home" value="C:\Users\Joren\Documents\Toegepaste informatica\testing_workspace\bmi-app\EMBEDDED"/>
    <property name="file.separator" value="\"/>
    <property name="java.vendor.url.bug" value="http://bugreport.sun.com/bugreport/"/>
    <property name="sun.cpu.endian" value="little"/>
    <property name="sun.io.unicode.encoding" value="UnicodeLittle"/>
    <property name="sun.desktop" value="windows"/>
    <property name="sun.cpu.isalist" value="amd64"/>
  </properties>
  <testcase name="Given a patient with the social security number &quot;93051822361&quot;, gender &quot;male&quot; and birthdate &quot;1993-05-18&quot;" classname="Scenario: the personal details of an unregistered patient are given" time="0.002"/>
  <testcase name="And on &quot;2000-04-10&quot; the patient had a length of 180 cm and a weight of 75000 gr" classname="Scenario: the personal details of an unregistered patient are given" time="0"/>
  <testcase name="And the patient is not registered" classname="Scenario: the personal details of an unregistered patient are given" time="0">
    <skipped/>
  </testcase>
  <testcase name="When I add the person to the system" classname="Scenario: the personal details of an unregistered patient are given" time="0">
    <skipped/>
  </testcase>
  <testcase name="Then The person is registered on the system" classname="Scenario: the personal details of an unregistered patient are given" time="0">
    <skipped/>
  </testcase>
  <testcase name="And The social security number is shown in the overview" classname="Scenario: the personal details of an unregistered patient are given" time="0">
    <skipped/>
  </testcase>
  <testcase name="Scenario: the personal details of an unregistered patient are given" classname="Scenario: the personal details of an unregistered patient are given" time="0">
    <skipped/>
  </testcase>
  <testcase name="Scenario: the personal details of an unregistered patient are given" classname="Scenario: the personal details of an unregistered patient are given" time="0.008"/>
  <testcase name="Given a patient with the social security number &quot;93051822361&quot;, gender &quot;male&quot; and birthdate &quot;1993-05-18&quot;" classname="| -160 |" time="0"/>
  <testcase name="And on &quot;2000-04-10&quot; the patient had a length of &lt;length&gt; cm and a weight of 65000 gr" classname="| -160 |" time="0">
    <skipped/>
  </testcase>
  <testcase name="When I add the person to the system" classname="| -160 |" time="0">
    <skipped/>
  </testcase>
  <testcase name="Then An error is shown" classname="| -160 |" time="0">
    <skipped/>
  </testcase>
  <testcase name="| -160 |" classname="| -160 |" time="0">
    <skipped/>
  </testcase>
  <testcase name="| -160 |" classname="| -160 |" time="0.011"/>
  <testcase name="Given a patient with the social security number &quot;93051822361&quot;, gender &quot;male&quot; and birthdate &quot;1993-05-18&quot;" classname="| -1 |" time="0"/>
  <testcase name="And on &quot;2000-04-10&quot; the patient had a length of &lt;length&gt; cm and a weight of 65000 gr" classname="| -1 |" time="0">
    <skipped/>
  </testcase>
  <testcase name="When I add the person to the system" classname="| -1 |" time="0">
    <skipped/>
  </testcase>
  <testcase name="Then An error is shown" classname="| -1 |" time="0">
    <skipped/>
  </testcase>
  <testcase name="| -1 |" classname="| -1 |" time="0">
    <skipped/>
  </testcase>
  <testcase name="| -1 |" classname="| -1 |" time="0"/>
  <testcase name="Given a patient with the social security number &quot;93051822361&quot;, gender &quot;male&quot; and birthdate &quot;1993-05-18&quot;" classname="| 25 |" time="0"/>
  <testcase name="And on &quot;2000-04-10&quot; the patient had a length of &lt;length&gt; cm and a weight of 65000 gr" classname="| 25 |" time="0">
    <skipped/>
  </testcase>
  <testcase name="When I add the person to the system" classname="| 25 |" time="0">
    <skipped/>
  </testcase>
  <testcase name="Then An error is shown" classname="| 25 |" time="0">
    <skipped/>
  </testcase>
  <testcase name="| 25 |" classname="| 25 |" time="0">
    <skipped/>
  </testcase>
  <testcase name="| 25 |" classname="| 25 |" time="0.006"/>
  <testcase name="Given a patient with the social security number &quot;93051822361&quot;, gender &quot;male&quot; and birthdate &quot;1993-05-18&quot;" classname="| 301 |" time="0"/>
  <testcase name="And on &quot;2000-04-10&quot; the patient had a length of &lt;length&gt; cm and a weight of 65000 gr" classname="| 301 |" time="0">
    <skipped/>
  </testcase>
  <testcase name="When I add the person to the system" classname="| 301 |" time="0">
    <skipped/>
  </testcase>
  <testcase name="Then An error is shown" classname="| 301 |" time="0">
    <skipped/>
  </testcase>
  <testcase name="| 301 |" classname="| 301 |" time="0">
    <skipped/>
  </testcase>
  <testcase name="| 301 |" classname="| 301 |" time="0.004"/>
  <testcase name="Given a patient with the social security number &quot;93051822361&quot;, gender &quot;male&quot; and birthdate &quot;1993-05-18&quot;" classname="| 390 |" time="0"/>
  <testcase name="And on &quot;2000-04-10&quot; the patient had a length of &lt;length&gt; cm and a weight of 65000 gr" classname="| 390 |" time="0">
    <skipped/>
  </testcase>
  <testcase name="When I add the person to the system" classname="| 390 |" time="0">
    <skipped/>
  </testcase>
  <testcase name="Then An error is shown" classname="| 390 |" time="0">
    <skipped/>
  </testcase>
  <testcase name="| 390 |" classname="| 390 |" time="0">
    <skipped/>
  </testcase>
  <testcase name="| 390 |" classname="| 390 |" time="0.005"/>
  <testcase name="Given a patient with the social security number &quot;93051822361&quot;, gender &quot;male&quot; and birthdate &quot;1993-05-18&quot;" classname="| -1000 |" time="0"/>
  <testcase name="And on &quot;2000-04-10&quot; the patient had a length of 160 cm and a weight of -1000 gr" classname="| -1000 |" time="0">
    <skipped/>
  </testcase>
  <testcase name="When I add the person to the system" classname="| -1000 |" time="0">
    <skipped/>
  </testcase>
  <testcase name="Then An error is shown" classname="| -1000 |" time="0">
    <skipped/>
  </testcase>
  <testcase name="| -1000 |" classname="| -1000 |" time="0">
    <skipped/>
  </testcase>
  <testcase name="| -1000 |" classname="| -1000 |" time="0.006"/>
  <testcase name="Given a patient with the social security number &quot;93051822361&quot;, gender &quot;male&quot; and birthdate &quot;1993-05-18&quot;" classname="| 10000 |" time="0"/>
  <testcase name="And on &quot;2000-04-10&quot; the patient had a length of 160 cm and a weight of 10000 gr" classname="| 10000 |" time="0"/>
  <testcase name="When I add the person to the system" classname="| 10000 |" time="0">
    <skipped/>
  </testcase>
  <testcase name="Then An error is shown" classname="| 10000 |" time="0">
    <skipped/>
  </testcase>
  <testcase name="| 10000 |" classname="| 10000 |" time="0">
    <skipped/>
  </testcase>
  <testcase name="| 10000 |" classname="| 10000 |" time="0.003"/>
  <testcase name="Given a patient with the social security number &quot;93051822361&quot;, gender &quot;male&quot; and birthdate &quot;1993-05-18&quot;" classname="| 701000 |" time="0"/>
  <testcase name="And on &quot;2000-04-10&quot; the patient had a length of 160 cm and a weight of 701000 gr" classname="| 701000 |" time="0"/>
  <testcase name="When I add the person to the system" classname="| 701000 |" time="0">
    <skipped/>
  </testcase>
  <testcase name="Then An error is shown" classname="| 701000 |" time="0">
    <skipped/>
  </testcase>
  <testcase name="| 701000 |" classname="| 701000 |" time="0">
    <skipped/>
  </testcase>
  <testcase name="| 701000 |" classname="| 701000 |" time="0"/>
  <testcase name="Given a patient with the social security number &quot;93051822361&quot;, gender &quot;male&quot; and birthdate &quot;1993-05-18&quot;" classname="| 800000 |" time="0"/>
  <testcase name="And on &quot;2000-04-10&quot; the patient had a length of 160 cm and a weight of 800000 gr" classname="| 800000 |" time="0"/>
  <testcase name="When I add the person to the system" classname="| 800000 |" time="0">
    <skipped/>
  </testcase>
  <testcase name="Then An error is shown" classname="| 800000 |" time="0">
    <skipped/>
  </testcase>
  <testcase name="| 800000 |" classname="| 800000 |" time="0">
    <skipped/>
  </testcase>
  <testcase name="| 800000 |" classname="| 800000 |" time="0.002"/>
  <testcase name="Given a patient with the social security number &quot;93051822361&quot;, gender &quot;ale&quot; and birthdate &quot;1993-05-18&quot;" classname="| &quot;ale&quot; |" time="0.005">
    <error message="No enum constant org.ucll.demo.domain.Gender.ALE" type="java.lang.IllegalArgumentException">java.lang.IllegalArgumentException: No enum constant org.ucll.demo.domain.Gender.ALE
</error>
  </testcase>
  <testcase name="| &quot;ale&quot; |" classname="| &quot;ale&quot; |" time="0.005">
    <error message="No enum constant org.ucll.demo.domain.Gender.ALE" type="java.lang.IllegalArgumentException">java.lang.IllegalArgumentException: No enum constant org.ucll.demo.domain.Gender.ALE
</error>
  </testcase>
  <testcase name="And on &quot;2000-04-10&quot; the patient had a length of 160 cm and a weight of 65000 gr" classname="| &quot;ale&quot; |" time="0">
    <skipped/>
  </testcase>
  <testcase name="When I add the person to the system" classname="| &quot;ale&quot; |" time="0">
    <skipped/>
  </testcase>
  <testcase name="Then An error is shown" classname="| &quot;ale&quot; |" time="0">
    <skipped/>
  </testcase>
  <testcase name="Given a patient with the social security number &quot;93051822361&quot;, gender &quot;emale&quot; and birthdate &quot;1993-05-18&quot;" classname="| &quot;emale&quot; |" time="0">
    <error message="No enum constant org.ucll.demo.domain.Gender.EMALE" type="java.lang.IllegalArgumentException">java.lang.IllegalArgumentException: No enum constant org.ucll.demo.domain.Gender.EMALE
</error>
  </testcase>
  <testcase name="| &quot;emale&quot; |" classname="| &quot;emale&quot; |" time="0.001">
    <error message="No enum constant org.ucll.demo.domain.Gender.EMALE" type="java.lang.IllegalArgumentException">java.lang.IllegalArgumentException: No enum constant org.ucll.demo.domain.Gender.EMALE
</error>
  </testcase>
  <testcase name="And on &quot;2000-04-10&quot; the patient had a length of 160 cm and a weight of 65000 gr" classname="| &quot;emale&quot; |" time="0">
    <skipped/>
  </testcase>
  <testcase name="When I add the person to the system" classname="| &quot;emale&quot; |" time="0">
    <skipped/>
  </testcase>
  <testcase name="Then An error is shown" classname="| &quot;emale&quot; |" time="0">
    <skipped/>
  </testcase>
  <testcase name="Given a patient with the social security number &quot;93051822361&quot;, gender &quot;apache helicopter&quot; and birthdate &quot;1993-05-18&quot;" classname="| &quot;apache helicopter&quot; |" time="0">
    <error message="No enum constant org.ucll.demo.domain.Gender.APACHE HELICOPTER" type="java.lang.IllegalArgumentException">java.lang.IllegalArgumentException: No enum constant org.ucll.demo.domain.Gender.APACHE HELICOPTER
</error>
  </testcase>
  <testcase name="| &quot;apache helicopter&quot; |" classname="| &quot;apache helicopter&quot; |" time="0">
    <error message="No enum constant org.ucll.demo.domain.Gender.APACHE HELICOPTER" type="java.lang.IllegalArgumentException">java.lang.IllegalArgumentException: No enum constant org.ucll.demo.domain.Gender.APACHE HELICOPTER
</error>
  </testcase>
  <testcase name="And on &quot;2000-04-10&quot; the patient had a length of 160 cm and a weight of 65000 gr" classname="| &quot;apache helicopter&quot; |" time="0">
    <skipped/>
  </testcase>
  <testcase name="When I add the person to the system" classname="| &quot;apache helicopter&quot; |" time="0">
    <skipped/>
  </testcase>
  <testcase name="Then An error is shown" classname="| &quot;apache helicopter&quot; |" time="0">
    <skipped/>
  </testcase>
  <testcase name="Given a patient with the social security number &quot;93051822361&quot;, gender &quot;maleatermeloen&quot; and birthdate &quot;1993-05-18&quot;" classname="| &quot;maleatermeloen&quot; |" time="0.001">
    <error message="No enum constant org.ucll.demo.domain.Gender.MALEATERMELOEN" type="java.lang.IllegalArgumentException">java.lang.IllegalArgumentException: No enum constant org.ucll.demo.domain.Gender.MALEATERMELOEN
</error>
  </testcase>
  <testcase name="| &quot;maleatermeloen&quot; |" classname="| &quot;maleatermeloen&quot; |" time="0.001">
    <error message="No enum constant org.ucll.demo.domain.Gender.MALEATERMELOEN" type="java.lang.IllegalArgumentException">java.lang.IllegalArgumentException: No enum constant org.ucll.demo.domain.Gender.MALEATERMELOEN
</error>
  </testcase>
  <testcase name="And on &quot;2000-04-10&quot; the patient had a length of 160 cm and a weight of 65000 gr" classname="| &quot;maleatermeloen&quot; |" time="0">
    <skipped/>
  </testcase>
  <testcase name="When I add the person to the system" classname="| &quot;maleatermeloen&quot; |" time="0">
    <skipped/>
  </testcase>
  <testcase name="Then An error is shown" classname="| &quot;maleatermeloen&quot; |" time="0">
    <skipped/>
  </testcase>
  <testcase name="Given a patient with the social security number &quot;&quot;, gender &quot;male&quot; and birthdate &quot;1993-05-18&quot;" classname="| &quot;&quot; |" time="0"/>
  <testcase name="And on &quot;2000-04-10&quot; the patient had a length of 160 cm and a weight of 65000 gr" classname="| &quot;&quot; |" time="0"/>
  <testcase name="When I add the person to the system" classname="| &quot;&quot; |" time="0">
    <skipped/>
  </testcase>
  <testcase name="Then An error is shown" classname="| &quot;&quot; |" time="0">
    <skipped/>
  </testcase>
  <testcase name="| &quot;&quot; |" classname="| &quot;&quot; |" time="0">
    <skipped/>
  </testcase>
  <testcase name="| &quot;&quot; |" classname="| &quot;&quot; |" time="0.002"/>
  <testcase name="Given a patient with the social security number &quot;h7fwhcewhce&quot;, gender &quot;male&quot; and birthdate &quot;1993-05-18&quot;" classname="| &quot;h7fwhcewhce&quot; |" time="0"/>
  <testcase name="And on &quot;2000-04-10&quot; the patient had a length of 160 cm and a weight of 65000 gr" classname="| &quot;h7fwhcewhce&quot; |" time="0"/>
  <testcase name="When I add the person to the system" classname="| &quot;h7fwhcewhce&quot; |" time="0">
    <skipped/>
  </testcase>
  <testcase name="Then An error is shown" classname="| &quot;h7fwhcewhce&quot; |" time="0">
    <skipped/>
  </testcase>
  <testcase name="| &quot;h7fwhcewhce&quot; |" classname="| &quot;h7fwhcewhce&quot; |" time="0">
    <skipped/>
  </testcase>
  <testcase name="| &quot;h7fwhcewhce&quot; |" classname="| &quot;h7fwhcewhce&quot; |" time="0.002"/>
  <testcase name="Given a patient with the social security number &quot;watermeloen&quot;, gender &quot;male&quot; and birthdate &quot;1993-05-18&quot;" classname="| &quot;watermeloen&quot; |" time="0"/>
  <testcase name="And on &quot;2000-04-10&quot; the patient had a length of 160 cm and a weight of 65000 gr" classname="| &quot;watermeloen&quot; |" time="0"/>
  <testcase name="When I add the person to the system" classname="| &quot;watermeloen&quot; |" time="0">
    <skipped/>
  </testcase>
  <testcase name="Then An error is shown" classname="| &quot;watermeloen&quot; |" time="0">
    <skipped/>
  </testcase>
  <testcase name="| &quot;watermeloen&quot; |" classname="| &quot;watermeloen&quot; |" time="0">
    <skipped/>
  </testcase>
  <testcase name="| &quot;watermeloen&quot; |" classname="| &quot;watermeloen&quot; |" time="0.002"/>
  <testcase name="Given a registered patient with the social security number &quot;93051822361&quot;, gender &quot;male&quot; and birthdate &quot;1993-05-18&quot;" classname="Scenario: registering a new person with a social security number already existing gives an error message" time="0">
    <skipped/>
  </testcase>
  <testcase name="And on &quot;2000-04-10&quot; the patient had a length of 160 cm and a weight of 65000 gr" classname="Scenario: registering a new person with a social security number already existing gives an error message" time="0">
    <skipped/>
  </testcase>
  <testcase name="And a patient with the social security number &quot;93051822361&quot;, gender &quot;male&quot; and birthdate &quot;1993-05-18&quot;" classname="Scenario: registering a new person with a social security number already existing gives an error message" time="0">
    <skipped/>
  </testcase>
  <testcase name="And on &quot;2000-04-10&quot; the patient had a length of 180 cm and a weight of 70000 gr" classname="Scenario: registering a new person with a social security number already existing gives an error message" time="0">
    <skipped/>
  </testcase>
  <testcase name="When I add the unregistered person to the system" classname="Scenario: registering a new person with a social security number already existing gives an error message" time="0">
    <skipped/>
  </testcase>
  <testcase name="Then An error is shown" classname="Scenario: registering a new person with a social security number already existing gives an error message" time="0">
    <skipped/>
  </testcase>
  <testcase name="Scenario: registering a new person with a social security number already existing gives an error message" classname="Scenario: registering a new person with a social security number already existing gives an error message" time="0">
    <skipped/>
  </testcase>
  <testcase name="Scenario: registering a new person with a social security number already existing gives an error message" classname="Scenario: registering a new person with a social security number already existing gives an error message" time="0.009"/>
  <testcase name="Given a patient with the social security number &quot;93051822361&quot;, gender &quot;male&quot; and &quot;0000-00-00&quot;" classname="| &quot;0000-00-00&quot; |" time="0">
    <skipped/>
  </testcase>
  <testcase name="And on &quot;2000-04-10&quot; the patient had a length of 160 cm and a weight of 65000 gr" classname="| &quot;0000-00-00&quot; |" time="0">
    <skipped/>
  </testcase>
  <testcase name="When I add the person to the system" classname="| &quot;0000-00-00&quot; |" time="0">
    <skipped/>
  </testcase>
  <testcase name="When I add the person to the system" classname="| &quot;0000-00-00&quot; |" time="0">
    <skipped/>
  </testcase>
  <testcase name="Then An error is shown" classname="| &quot;0000-00-00&quot; |" time="0">
    <skipped/>
  </testcase>
  <testcase name="Then An error is shown" classname="| &quot;0000-00-00&quot; |" time="0">
    <skipped/>
  </testcase>
  <testcase name="| &quot;0000-00-00&quot; |" classname="| &quot;0000-00-00&quot; |" time="0">
    <skipped/>
  </testcase>
  <testcase name="| &quot;0000-00-00&quot; |" classname="| &quot;0000-00-00&quot; |" time="0.003"/>
  <testcase name="| &quot;0000-00-00&quot; |" classname="| &quot;0000-00-00&quot; |" time="0.001">
    <error message="Couldn&apos;t convert &quot;0000-00-00&quot; to an instance of: [class java.util.Date]&#10;---- Debugging information ----&#10;-------------------------------" type="cucumber.deps.com.thoughtworks.xstream.converters.ConversionException">cucumber.deps.com.thoughtworks.xstream.converters.ConversionException: 
Couldn't convert "0000-00-00" to an instance of: [class java.util.Date]
---- Debugging information ----
-------------------------------
</error>
  </testcase>
  <testcase name="Given a patient with the social security number &quot;93051822361&quot;, gender &quot;male&quot; and &quot;2025-10-10&quot;" classname="| &quot;2025-10-10&quot; |" time="0">
    <skipped/>
  </testcase>
  <testcase name="And on &quot;2000-04-10&quot; the patient had a length of 160 cm and a weight of 65000 gr" classname="| &quot;2025-10-10&quot; |" time="0">
    <skipped/>
  </testcase>
  <testcase name="When I add the person to the system" classname="| &quot;2025-10-10&quot; |" time="0">
    <skipped/>
  </testcase>
  <testcase name="When I add the person to the system" classname="| &quot;2025-10-10&quot; |" time="0">
    <skipped/>
  </testcase>
  <testcase name="Then An error is shown" classname="| &quot;2025-10-10&quot; |" time="0">
    <skipped/>
  </testcase>
  <testcase name="Then An error is shown" classname="| &quot;2025-10-10&quot; |" time="0">
    <skipped/>
  </testcase>
  <testcase name="| &quot;2025-10-10&quot; |" classname="| &quot;2025-10-10&quot; |" time="0">
    <skipped/>
  </testcase>
  <testcase name="| &quot;2025-10-10&quot; |" classname="| &quot;2025-10-10&quot; |" time="0.003"/>
  <testcase name="| &quot;2025-10-10&quot; |" classname="| &quot;2025-10-10&quot; |" time="0">
    <skipped/>
  </testcase>
  <testcase name="| &quot;2025-10-10&quot; |" classname="| &quot;2025-10-10&quot; |" time="0.001"/>
  <testcase name="Given a patient with the social security number &quot;93051822361&quot;, gender &quot;male&quot; and birthdate &quot;1993-05-18&quot;" classname="| &quot;0000-00-00&quot; |" time="0.001"/>
  <testcase name="And on &quot;0000-00-00&quot; the patient had a length of 160 cm and a weight of 65000 gr" classname="| &quot;0000-00-00&quot; |" time="0">
    <error message="Couldn&apos;t convert &quot;0000-00-00&quot; to an instance of: [class java.util.Date]&#10;---- Debugging information ----&#10;-------------------------------" type="cucumber.deps.com.thoughtworks.xstream.converters.ConversionException">cucumber.deps.com.thoughtworks.xstream.converters.ConversionException: 
Couldn't convert "0000-00-00" to an instance of: [class java.util.Date]
---- Debugging information ----
-------------------------------
</error>
  </testcase>
  <testcase name="Given a patient with the social security number &quot;93051822361&quot;, gender &quot;male&quot; and birthdate &quot;1993-05-18&quot;" classname="| &quot;2025-10-10&quot; |" time="0"/>
  <testcase name="And on &quot;2025-10-10&quot; the patient had a length of 160 cm and a weight of 65000 gr" classname="| &quot;2025-10-10&quot; |" time="0"/>
</testsuite>