<?xml version="1.0" encoding="UTF-8"?>
<testsuite xmlns:xsi="http://www.w3.org/2001/XMLSchema-instance" xsi:schemaLocation="https://maven.apache.org/surefire/maven-surefire-plugin/xsd/surefire-test-report.xsd" name="org.ucll.demo.service.ShowPatientDetailsTest" time="0.08" tests="36" errors="0" skipped="12" failures="0">
  <properties>
    <property name="java.runtime.name" value="Java(TM) SE Runtime Environment"/>
    <property name="sun.boot.library.path" value="C:\Program Files\Java\jdk1.8.0_144\jre\bin"/>
    <property name="java.vm.version" value="25.144-b01"/>
    <property name="java.vm.vendor" value="Oracle Corporation"/>
    <property name="maven.multiModuleProjectDirectory" value="C:\Users\Joren\Documents\Toegepaste informatica\testing_workspace\bmi-app"/>
    <property name="java.vendor.url" value="http://java.oracle.com/"/>
    <property name="path.separator" value=";"/>
    <property name="guice.disable.misplaced.annotation.check" value="true"/>
    <property name="java.vm.name" value="Java HotSpot(TM) 64-Bit Server VM"/>
    <property name="file.encoding.pkg" value="sun.io"/>
    <property name="user.script" value=""/>
    <property name="user.country" value="BE"/>
    <property name="sun.java.launcher" value="SUN_STANDARD"/>
    <property name="sun.os.patch.level" value=""/>
    <property name="java.vm.specification.name" value="Java Virtual Machine Specification"/>
    <property name="user.dir" value="C:\Users\Joren\Documents\Toegepaste informatica\testing_workspace\bmi-app"/>
    <property name="java.runtime.version" value="1.8.0_144-b01"/>
    <property name="java.awt.graphicsenv" value="sun.awt.Win32GraphicsEnvironment"/>
    <property name="java.endorsed.dirs" value="C:\Program Files\Java\jdk1.8.0_144\jre\lib\endorsed"/>
    <property name="os.arch" value="amd64"/>
    <property name="java.io.tmpdir" value="C:\Users\Joren\AppData\Local\Temp\"/>
    <property name="line.separator" value="&#10;"/>
    <property name="java.vm.specification.vendor" value="Oracle Corporation"/>
    <property name="user.variant" value=""/>
    <property name="os.name" value="Windows 10"/>
    <property name="classworlds.conf" value="C:\Users\Joren\Documents\Toegepaste informatica\testing_workspace\.metadata\.plugins\org.eclipse.m2e.launching\launches\m2conf1074388498794844322.tmp"/>
    <property name="sun.jnu.encoding" value="Cp1252"/>
    <property name="java.library.path" value="C:\Program Files\Java\jdk1.8.0_144\bin;C:\windows\Sun\Java\bin;C:\windows\system32;C:\windows;C:/Program Files/Java/jre1.8.0_144/bin/server;C:/Program Files/Java/jre1.8.0_144/bin;C:/Program Files/Java/jre1.8.0_144/lib/amd64;C:\ProgramData\Oracle\Java\javapath;C:\Program Files (x86)\Razer Chroma SDK\bin;C:\Program Files\Razer Chroma SDK\bin;C:\Windows\system32;C:\Windows;C:\Windows\System32\Wbem;C:\Windows\System32\WindowsPowerShell\v1.0\;C:\Program Files (x86)\NVIDIA Corporation\PhysX\Common;C:\Users\Administrator\AppData\Local\Microsoft\WindowsApps;C:\Program Files (x86)\Brackets\command;C:\Users\Joren\AppData\Local\Microsoft\WindowsApps;C:\adb;C:\Android;C:\Users\Joren\AppData\Local\Microsoft\WindowsApps;;C:\Program Files\eclipse;;."/>
    <property name="java.specification.name" value="Java Platform API Specification"/>
    <property name="java.class.version" value="52.0"/>
    <property name="sun.management.compiler" value="HotSpot 64-Bit Tiered Compilers"/>
    <property name="os.version" value="10.0"/>
    <property name="user.home" value="C:\Users\Joren"/>
    <property name="user.timezone" value="Europe/Paris"/>
    <property name="java.awt.printerjob" value="sun.awt.windows.WPrinterJob"/>
    <property name="java.specification.version" value="1.8"/>
    <property name="file.encoding" value="Cp1252"/>
    <property name="user.name" value="Joren"/>
    <property name="java.class.path" value="/C:/Program Files/eclipse/plugins/org.eclipse.m2e.maven.runtime_1.8.1.20170728-1531/jars/plexus-classworlds-2.5.2.jar"/>
    <property name="java.vm.specification.version" value="1.8"/>
    <property name="sun.arch.data.model" value="64"/>
    <property name="java.home" value="C:\Program Files\Java\jdk1.8.0_144\jre"/>
    <property name="sun.java.command" value="org.codehaus.plexus.classworlds.launcher.Launcher -B install"/>
    <property name="java.specification.vendor" value="Oracle Corporation"/>
    <property name="user.language" value="nl"/>
    <property name="awt.toolkit" value="sun.awt.windows.WToolkit"/>
    <property name="java.vm.info" value="mixed mode"/>
    <property name="java.version" value="1.8.0_144"/>
    <property name="java.ext.dirs" value="C:\Program Files\Java\jdk1.8.0_144\jre\lib\ext;C:\windows\Sun\Java\lib\ext"/>
    <property name="sun.boot.class.path" value="C:\Program Files\Java\jdk1.8.0_144\jre\lib\resources.jar;C:\Program Files\Java\jdk1.8.0_144\jre\lib\rt.jar;C:\Program Files\Java\jdk1.8.0_144\jre\lib\sunrsasign.jar;C:\Program Files\Java\jdk1.8.0_144\jre\lib\jsse.jar;C:\Program Files\Java\jdk1.8.0_144\jre\lib\jce.jar;C:\Program Files\Java\jdk1.8.0_144\jre\lib\charsets.jar;C:\Program Files\Java\jdk1.8.0_144\jre\lib\jfr.jar;C:\Program Files\Java\jdk1.8.0_144\jre\classes"/>
    <property name="java.vendor" value="Oracle Corporation"/>
    <property name="maven.home" value="C:\Users\Joren\Documents\Toegepaste informatica\testing_workspace\bmi-app\EMBEDDED"/>
    <property name="file.separator" value="\"/>
    <property name="java.vendor.url.bug" value="http://bugreport.sun.com/bugreport/"/>
    <property name="sun.cpu.endian" value="little"/>
    <property name="sun.io.unicode.encoding" value="UnicodeLittle"/>
    <property name="sun.desktop" value="windows"/>
    <property name="sun.cpu.isalist" value="amd64"/>
  </properties>
  <testcase name="Given a patient with the social security number &quot;93051822361&quot;, gender &quot;male&quot; and birthdate &quot;1993-05-18&quot;" classname="Scenario: the personal details of a registered patient are given" time="0"/>
  <testcase name="And on &quot;2000-04-10&quot; the patient had a length of 180 cm and a weight of 75000 gr" classname="Scenario: the personal details of a registered patient are given" time="0.001"/>
  <testcase name="And the patient is registered" classname="Scenario: the personal details of a registered patient are given" time="0"/>
  <testcase name="When I ask for the details of the patient using his social security number" classname="Scenario: the personal details of a registered patient are given" time="0"/>
  <testcase name="Then the personal details social security number, gender and birthdate are given" classname="Scenario: the personal details of a registered patient are given" time="0"/>
  <testcase name="And the examination details length, weight and last examination date are given" classname="Scenario: the personal details of a registered patient are given" time="0"/>
  <testcase name="And the calculated bmi 23.15 is given" classname="Scenario: the personal details of a registered patient are given" time="0"/>
  <testcase name="Scenario: the personal details of a registered patient are given" classname="Scenario: the personal details of a registered patient are given" time="0"/>
  <testcase name="Given a patient with the social security number &quot;93051822361&quot;" classname="Scenario: the physical data of the most recent examination are given" time="0"/>
  <testcase name="And on &quot;2000-04-17&quot; the patient had a length of 180 cm and a weight of 80000 gr" classname="Scenario: the physical data of the most recent examination are given" time="0"/>
  <testcase name="And the patient is registered" classname="Scenario: the physical data of the most recent examination are given" time="0"/>
  <testcase name="And on &quot;2000-04-10&quot; the patient had a length of 180 cm and a weight of 75000 gr but these data were added later" classname="Scenario: the physical data of the most recent examination are given" time="0"/>
  <testcase name="When I ask for the details of the patient using his social security number" classname="Scenario: the physical data of the most recent examination are given" time="0"/>
  <testcase name="Then the length 180, weight 80000, and date of the examination &quot;2000-04-17&quot; are given" classname="Scenario: the physical data of the most recent examination are given" time="0"/>
  <testcase name="And the calculated bmi 24.69 is based on these data" classname="Scenario: the physical data of the most recent examination are given" time="0"/>
  <testcase name="Scenario: the physical data of the most recent examination are given" classname="Scenario: the physical data of the most recent examination are given" time="0.001"/>
  <testcase name="Given a patient that is not registered" classname="Scenario: an error message is given if the patient cannot be found" time="0"/>
  <testcase name="When I ask for the details of the patient using his social security number" classname="Scenario: an error message is given if the patient cannot be found" time="0"/>
  <testcase name="Then an error message is given" classname="Scenario: an error message is given if the patient cannot be found" time="0"/>
  <testcase name="And no details are given" classname="Scenario: an error message is given if the patient cannot be found" time="0"/>
  <testcase name="Scenario: an error message is given if the patient cannot be found" classname="Scenario: an error message is given if the patient cannot be found" time="0"/>
  <testcase name="Given a patient that is registered with a length 160 cm and weight 65000 gr on date &quot;2000-04-17&quot;" classname="| 160 | 65000 | &quot;2000-04-17&quot; | 25.39 |" time="0">
    <skipped/>
  </testcase>
  <testcase name="When I ask for the details of the patient" classname="| 160 | 65000 | &quot;2000-04-17&quot; | 25.39 |" time="0">
    <skipped/>
  </testcase>
  <testcase name="Then the bmi 25.39 is given rounded to two digits" classname="| 160 | 65000 | &quot;2000-04-17&quot; | 25.39 |" time="0">
    <skipped/>
  </testcase>
  <testcase name="| 160 | 65000 | &quot;2000-04-17&quot; | 25.39 |" classname="| 160 | 65000 | &quot;2000-04-17&quot; | 25.39 |" time="0">
    <skipped/>
  </testcase>
  <testcase name="| 160 | 65000 | &quot;2000-04-17&quot; | 25.39 |" classname="| 160 | 65000 | &quot;2000-04-17&quot; | 25.39 |" time="0.002"/>
  <testcase name="Given a patient that is registered with a length 160 cm and weight 65009 gr on date &quot;2000-04-18&quot;" classname="| 160 | 65009 | &quot;2000-04-18&quot; | 25.39 |" time="0">
    <skipped/>
  </testcase>
  <testcase name="When I ask for the details of the patient" classname="| 160 | 65009 | &quot;2000-04-18&quot; | 25.39 |" time="0">
    <skipped/>
  </testcase>
  <testcase name="Then the bmi 25.39 is given rounded to two digits" classname="| 160 | 65009 | &quot;2000-04-18&quot; | 25.39 |" time="0">
    <skipped/>
  </testcase>
  <testcase name="| 160 | 65009 | &quot;2000-04-18&quot; | 25.39 |" classname="| 160 | 65009 | &quot;2000-04-18&quot; | 25.39 |" time="0">
    <skipped/>
  </testcase>
  <testcase name="| 160 | 65009 | &quot;2000-04-18&quot; | 25.39 |" classname="| 160 | 65009 | &quot;2000-04-18&quot; | 25.39 |" time="0.003"/>
  <testcase name="Given a patient that is registered with a length 180 cm and weight 75009 gr on date &quot;2000-04-19&quot;" classname="| 180 | 75009 | &quot;2000-04-19&quot; | 23.15 |" time="0">
    <skipped/>
  </testcase>
  <testcase name="When I ask for the details of the patient" classname="| 180 | 75009 | &quot;2000-04-19&quot; | 23.15 |" time="0">
    <skipped/>
  </testcase>
  <testcase name="Then the bmi 23.15 is given rounded to two digits" classname="| 180 | 75009 | &quot;2000-04-19&quot; | 23.15 |" time="0">
    <skipped/>
  </testcase>
  <testcase name="| 180 | 75009 | &quot;2000-04-19&quot; | 23.15 |" classname="| 180 | 75009 | &quot;2000-04-19&quot; | 23.15 |" time="0">
    <skipped/>
  </testcase>
  <testcase name="| 180 | 75009 | &quot;2000-04-19&quot; | 23.15 |" classname="| 180 | 75009 | &quot;2000-04-19&quot; | 23.15 |" time="0.003"/>
</testsuite>